TN:
SF:app/layout.tsx
FN:11,RootLayout
FNF:1
FNH:0
FNDA:0,RootLayout
DA:6,0
DA:12,0
LF:2
LH:0
BRF:0
BRH:0
end_of_record
TN:
SF:app/page.tsx
FN:4,AppSkeleton
FN:13,(anonymous_1)
FN:19,(anonymous_2)
FN:31,Home
FNF:4
FNH:0
FNDA:0,AppSkeleton
FNDA:0,(anonymous_1)
FNDA:0,(anonymous_2)
FNDA:0,Home
DA:5,0
DA:14,0
DA:20,0
DA:32,0
LF:4
LH:0
BRF:0
BRH:0
end_of_record
TN:
SF:app/api/admin/auth/route.ts
FN:17,POST
FN:55,DELETE
FN:62,GET
FNF:3
FNH:3
FNDA:3,POST
FNDA:1,DELETE
FNDA:2,GET
DA:11,6
DA:13,6
DA:14,6
DA:18,3
DA:19,0
DA:20,0
DA:23,3
DA:24,3
DA:26,3
DA:27,0
DA:33,3
DA:34,3
DA:36,3
DA:37,2
DA:38,2
DA:39,2
DA:46,2
DA:47,2
DA:50,1
DA:51,1
DA:56,1
DA:57,1
DA:58,1
DA:63,2
DA:64,2
DA:66,2
DA:67,1
DA:69,1
LF:28
LH:25
BRDA:18,0,0,0
BRDA:18,0,1,3
BRDA:18,1,0,3
BRDA:18,1,1,3
BRDA:24,2,0,3
BRDA:24,2,1,0
BRDA:26,3,0,0
BRDA:26,3,1,3
BRDA:36,4,0,2
BRDA:36,4,1,1
BRDA:36,5,0,3
BRDA:36,5,1,3
BRDA:66,6,0,1
BRDA:66,6,1,1
BRF:14
BRH:11
end_of_record
TN:
SF:app/api/admin/reset-match/route.ts
FN:6,POST
FNF:1
FNH:1
FNDA:5,POST
DA:7,5
DA:8,5
DA:10,4
DA:11,4
DA:12,4
DA:14,4
DA:15,1
DA:18,3
DA:19,3
DA:20,2
DA:21,2
DA:22,1
DA:25,2
DA:30,2
LF:14
LH:14
BRDA:8,0,0,1
BRDA:8,0,1,4
BRDA:14,1,0,1
BRDA:14,1,1,3
BRDA:19,2,0,2
BRDA:19,2,1,1
BRDA:21,3,0,1
BRDA:21,3,1,1
BRF:8
BRH:8
end_of_record
TN:
SF:app/api/admin/save-result/route.ts
FN:8,POST
FN:62,(anonymous_1)
FN:63,(anonymous_2)
FN:67,(anonymous_3)
FNF:4
FNH:3
FNDA:7,POST
FNDA:0,(anonymous_1)
FNDA:2,(anonymous_2)
FNDA:1,(anonymous_3)
DA:9,7
DA:10,7
DA:12,6
DA:13,6
DA:14,6
DA:16,6
DA:17,2
DA:20,4
DA:21,4
DA:22,3
DA:23,3
DA:24,2
DA:27,3
DA:33,3
DA:38,3
DA:39,3
DA:40,1
DA:44,1
DA:49,1
DA:50,1
DA:51,1
DA:52,1
DA:53,1
DA:62,1
DA:63,2
DA:64,1
DA:66,1
DA:67,1
DA:69,1
DA:74,1
DA:75,1
DA:78,3
LF:32
LH:32
BRDA:10,0,0,1
BRDA:10,0,1,6
BRDA:16,1,0,2
BRDA:16,1,1,4
BRDA:16,2,0,6
BRDA:16,2,1,5
BRDA:16,2,2,4
BRDA:21,3,0,3
BRDA:21,3,1,1
BRDA:23,4,0,1
BRDA:23,4,1,2
BRDA:39,5,0,1
BRDA:39,5,1,2
BRDA:52,6,0,1
BRDA:52,6,1,0
BRDA:71,7,0,1
BRDA:71,7,1,0
BRDA:71,8,0,1
BRDA:71,8,1,0
BRDA:81,9,0,3
BRDA:81,9,1,1
BRF:21
BRH:18
end_of_record
TN:
SF:app/api/copa/route.ts
FN:8,GET
FN:35,(anonymous_1)
FN:59,(anonymous_2)
FN:67,POST
FNF:4
FNH:4
FNDA:2,GET
FNDA:1,(anonymous_1)
FNDA:2,(anonymous_2)
FNDA:3,POST
DA:9,2
DA:11,2
DA:15,2
DA:16,1
DA:21,2
DA:22,1
DA:25,1
DA:30,1
DA:35,1
DA:49,1
DA:50,1
DA:51,2
DA:54,1
DA:55,1
DA:57,1
DA:59,2
DA:68,3
DA:69,3
DA:71,2
DA:72,2
DA:73,2
DA:75,2
DA:76,1
DA:79,1
DA:80,0
DA:83,1
DA:85,1
DA:89,1
DA:91,1
DA:92,6
DA:93,6
DA:99,1
DA:100,5
DA:106,1
LF:34
LH:33
BRDA:15,0,0,1
BRDA:15,0,1,1
BRDA:21,1,0,1
BRDA:21,1,1,1
BRDA:39,2,0,1
BRDA:39,2,1,0
BRDA:40,3,0,1
BRDA:40,3,1,0
BRDA:44,4,0,1
BRDA:44,4,1,1
BRDA:45,5,0,1
BRDA:45,5,1,1
BRDA:46,6,0,1
BRDA:46,6,1,1
BRDA:69,7,0,1
BRDA:69,7,1,2
BRDA:75,8,0,1
BRDA:75,8,1,1
BRDA:75,9,0,2
BRDA:75,9,1,2
BRDA:75,9,2,2
BRDA:75,9,3,2
BRDA:75,9,4,2
BRDA:79,10,0,0
BRDA:79,10,1,1
BRDA:79,11,0,1
BRDA:79,11,1,1
BRDA:92,12,0,6
BRDA:92,12,1,6
BRF:29
BRH:26
end_of_record
TN:
SF:app/api/copa/reset-match/route.ts
FN:6,POST
FNF:1
FNH:1
FNDA:6,POST
DA:7,6
DA:8,6
DA:10,6
DA:11,6
DA:12,6
DA:14,6
DA:15,1
DA:18,5
DA:19,5
DA:20,5
DA:21,5
DA:22,4
DA:25,4
DA:30,4
DA:31,1
DA:32,1
DA:33,3
DA:34,1
DA:35,1
DA:36,2
DA:37,1
DA:38,1
DA:39,0
DA:42,4
DA:47,4
LF:25
LH:24
BRDA:8,0,0,0
BRDA:8,0,1,6
BRDA:14,1,0,1
BRDA:14,1,1,5
BRDA:19,2,0,5
BRDA:19,2,1,0
BRDA:21,3,0,1
BRDA:21,3,1,4
BRDA:30,4,0,1
BRDA:30,4,1,3
BRDA:33,5,0,1
BRDA:33,5,1,2
BRDA:36,6,0,1
BRDA:36,6,1,1
BRDA:38,7,0,0
BRDA:38,7,1,1
BRF:16
BRH:13
end_of_record
TN:
SF:app/api/copa/save-result/route.ts
FN:5,resolveWinner
FN:36,POST
FN:117,(anonymous_2)
FNF:3
FNH:3
FNDA:4,resolveWinner
FNDA:8,POST
FNDA:1,(anonymous_2)
DA:10,4
DA:11,2
DA:13,2
DA:15,2
DA:16,1
DA:17,1
DA:19,0
DA:22,1
DA:26,1
DA:30,1
DA:31,4
DA:32,4
DA:37,8
DA:38,8
DA:40,8
DA:41,8
DA:42,8
DA:44,8
DA:45,1
DA:48,7
DA:49,0
DA:50,0
DA:54,7
DA:55,7
DA:56,7
DA:57,7
DA:58,6
DA:61,6
DA:65,6
DA:66,1
DA:69,5
DA:70,1
DA:73,4
DA:78,4
DA:79,1
DA:82,3
DA:84,3
DA:85,8
DA:96,3
DA:97,2
DA:98,1
DA:99,0
DA:100,1
DA:101,0
DA:102,1
DA:103,0
DA:106,3
DA:107,3
DA:108,1
DA:112,1
DA:113,1
DA:114,1
DA:115,1
DA:117,1
DA:119,1
DA:123,1
DA:124,1
DA:127,3
LF:58
LH:52
BRDA:10,0,0,2
BRDA:10,0,1,2
BRDA:11,1,0,0
BRDA:11,1,1,2
BRDA:15,2,0,1
BRDA:15,2,1,1
BRDA:16,3,0,1
BRDA:16,3,1,0
BRDA:16,4,0,1
BRDA:16,4,1,0
BRDA:16,4,2,0
BRDA:30,5,0,1
BRDA:30,5,1,0
BRDA:31,6,0,4
BRDA:31,6,1,0
BRDA:32,7,0,1
BRDA:32,7,1,0
BRDA:38,8,0,0
BRDA:38,8,1,8
BRDA:44,9,0,1
BRDA:44,9,1,7
BRDA:44,10,0,8
BRDA:44,10,1,7
BRDA:44,10,2,7
BRDA:48,11,0,0
BRDA:48,11,1,7
BRDA:48,12,0,7
BRDA:48,12,1,0
BRDA:48,12,2,0
BRDA:49,13,0,0
BRDA:49,13,1,0
BRDA:49,14,0,0
BRDA:49,14,1,0
BRDA:55,15,0,7
BRDA:55,15,1,0
BRDA:57,16,0,1
BRDA:57,16,1,6
BRDA:65,17,0,1
BRDA:65,17,1,5
BRDA:69,18,0,1
BRDA:69,18,1,4
BRDA:69,19,0,5
BRDA:69,19,1,5
BRDA:75,20,0,4
BRDA:75,20,1,4
BRDA:78,21,0,1
BRDA:78,21,1,3
BRDA:84,22,0,3
BRDA:84,22,1,1
BRDA:89,23,0,0
BRDA:89,23,1,3
BRDA:90,24,0,0
BRDA:90,24,1,3
BRDA:90,25,0,0
BRDA:90,25,1,0
BRDA:91,26,0,0
BRDA:91,26,1,3
BRDA:91,27,0,0
BRDA:91,27,1,0
BRDA:96,28,0,2
BRDA:96,28,1,1
BRDA:98,29,0,0
BRDA:98,29,1,1
BRDA:100,30,0,0
BRDA:100,30,1,1
BRDA:102,31,0,0
BRDA:102,31,1,1
BRDA:107,32,0,1
BRDA:107,32,1,2
BRDA:114,33,0,1
BRDA:114,33,1,1
BRDA:115,34,0,1
BRDA:115,34,1,1
BRDA:121,35,0,1
BRDA:121,35,1,0
BRDA:121,36,0,1
BRDA:121,36,1,0
BRDA:129,37,0,1
BRDA:129,37,1,2
BRF:79
BRH:51
end_of_record
TN:
SF:app/api/hall-of-fame/route.ts
FN:4,GET
FN:27,(anonymous_1)
FN:28,(anonymous_2)
FNF:3
FNH:3
FNDA:2,GET
FNDA:2,(anonymous_1)
FNDA:1,(anonymous_2)
DA:5,2
DA:7,2
DA:13,2
DA:19,2
DA:21,2
DA:22,2
DA:23,2
DA:24,2
DA:26,2
DA:27,2
DA:28,1
DA:30,2
LF:12
LH:12
BRDA:23,0,0,2
BRDA:23,0,1,1
BRDA:23,1,0,2
BRDA:23,1,1,0
BRDA:24,2,0,2
BRDA:24,2,1,1
BRDA:24,3,0,2
BRDA:24,3,1,0
BRF:8
BRH:6
end_of_record
TN:
SF:app/api/head-to-head/route.ts
FN:5,GET
FN:26,(anonymous_1)
FNF:2
FNH:2
FNDA:3,GET
FNDA:2,(anonymous_1)
DA:6,3
DA:7,3
DA:8,3
DA:9,3
DA:11,3
DA:12,1
DA:15,2
DA:24,2
DA:26,2
DA:27,2
DA:28,2
DA:29,2
DA:31,2
DA:32,2
DA:33,2
DA:34,1
DA:35,1
DA:37,2
DA:41,2
DA:53,2
LF:20
LH:20
BRDA:11,0,0,1
BRDA:11,0,1,2
BRDA:11,1,0,3
BRDA:11,1,1,3
BRDA:28,2,0,1
BRDA:28,2,1,1
BRDA:29,3,0,1
BRDA:29,3,1,1
BRDA:33,4,0,1
BRDA:33,4,1,1
BRDA:34,5,0,0
BRDA:34,5,1,1
BRDA:37,6,0,2
BRDA:37,6,1,0
BRF:14
BRH:12
end_of_record
TN:
SF:app/api/historical-stats/route.ts
FN:4,GET
FN:42,(anonymous_1)
FN:48,(anonymous_2)
FN:49,(anonymous_3)
FN:63,(anonymous_4)
FNF:5
FNH:5
FNDA:2,GET
FNDA:1,(anonymous_1)
FNDA:1,(anonymous_2)
FNDA:2,(anonymous_3)
FNDA:1,(anonymous_4)
DA:5,2
DA:7,2
DA:13,2
DA:14,2
DA:15,2
DA:16,2
DA:17,2
DA:18,2
DA:20,2
DA:21,2
DA:22,2
DA:23,2
DA:24,1
DA:25,0
DA:27,2
DA:28,2
DA:29,2
DA:30,2
DA:31,2
DA:32,1
DA:35,2
DA:38,2
DA:39,2
DA:42,2
DA:43,1
DA:46,2
DA:48,2
DA:49,2
DA:50,1
DA:51,1
DA:52,2
DA:53,2
DA:54,4
DA:55,4
DA:57,2
DA:59,1
DA:62,2
DA:63,2
DA:65,2
LF:39
LH:38
BRDA:20,0,0,1
BRDA:20,0,1,1
BRDA:23,1,0,1
BRDA:23,1,1,1
BRDA:24,2,0,1
BRDA:24,2,1,0
BRDA:27,3,0,1
BRDA:27,3,1,1
BRDA:30,4,0,0
BRDA:30,4,1,2
BRDA:31,5,0,1
BRDA:31,5,1,1
BRDA:39,6,0,2
BRDA:39,6,1,0
BRDA:43,7,0,1
BRDA:43,7,1,0
BRDA:43,7,2,0
BRDA:54,8,0,2
BRDA:54,8,1,2
BRDA:54,9,0,1
BRDA:54,9,1,1
BRDA:54,10,0,1
BRDA:54,10,1,0
BRDA:55,11,0,2
BRDA:55,11,1,2
BRDA:55,12,0,0
BRDA:55,12,1,2
BRDA:55,13,0,1
BRDA:55,13,1,1
BRF:29
BRH:22
end_of_record
TN:
SF:app/api/quote/route.ts
FN:8,GET
FNF:1
FNH:1
FNDA:1,GET
DA:9,1
DA:10,1
LF:2
LH:2
BRF:0
BRH:0
end_of_record
TN:
SF:app/api/recopa/route.ts
FN:6,GET
FN:70,(anonymous_1)
FN:78,POST
FNF:3
FNH:3
FNDA:2,GET
FNDA:2,(anonymous_1)
FNDA:4,POST
DA:7,2
DA:9,2
DA:13,2
DA:14,1
DA:19,2
DA:20,1
DA:23,1
DA:27,1
DA:40,1
DA:45,1
DA:50,1
DA:51,1
DA:52,1
DA:66,1
DA:68,2
DA:70,2
DA:79,4
DA:80,4
DA:82,4
DA:83,4
DA:84,4
DA:86,4
DA:87,1
DA:90,3
DA:91,0
DA:94,3
DA:95,3
DA:96,1
DA:99,2
DA:100,2
DA:101,4
DA:102,4
DA:104,4
DA:108,2
DA:110,2
DA:117,4
DA:118,3
DA:124,2
DA:125,1
DA:130,1
DA:136,2
LF:41
LH:40
BRDA:13,0,0,1
BRDA:13,0,1,1
BRDA:19,1,0,1
BRDA:19,1,1,1
BRDA:31,2,0,1
BRDA:31,2,1,0
BRDA:32,3,0,1
BRDA:32,3,1,0
BRDA:33,4,0,1
BRDA:33,4,1,0
BRDA:34,5,0,1
BRDA:34,5,1,0
BRDA:35,6,0,1
BRDA:35,6,1,0
BRDA:51,7,0,1
BRDA:51,7,1,0
BRDA:60,8,0,1
BRDA:60,8,1,1
BRDA:61,9,0,1
BRDA:61,9,1,1
BRDA:62,10,0,1
BRDA:62,10,1,1
BRDA:66,11,0,1
BRDA:66,11,1,1
BRDA:80,12,0,0
BRDA:80,12,1,4
BRDA:86,13,0,1
BRDA:86,13,1,3
BRDA:86,14,0,4
BRDA:86,14,1,4
BRDA:86,14,2,3
BRDA:86,14,3,3
BRDA:86,14,4,3
BRDA:90,15,0,0
BRDA:90,15,1,3
BRDA:90,16,0,3
BRDA:90,16,1,3
BRDA:90,16,2,3
BRDA:90,16,3,3
BRDA:95,17,0,1
BRDA:95,17,1,2
BRDA:100,18,0,1
BRDA:100,18,1,1
BRDA:101,19,0,1
BRDA:101,19,1,1
BRDA:102,20,0,1
BRDA:102,20,1,1
BRDA:110,21,0,1
BRDA:110,21,1,1
BRDA:124,22,0,1
BRDA:124,22,1,1
BRDA:138,23,0,1
BRDA:138,23,1,1
BRDA:142,24,0,1
BRDA:142,24,1,1
BRF:55
BRH:47
end_of_record
TN:
SF:app/api/recopa/reset-match/route.ts
FN:6,POST
FNF:1
FNH:1
FNDA:5,POST
DA:7,5
DA:8,5
DA:10,4
DA:11,4
DA:12,4
DA:14,4
DA:15,4
DA:16,3
DA:17,3
DA:18,2
DA:19,2
DA:20,1
DA:22,1
DA:26,3
DA:31,3
DA:36,3
LF:16
LH:16
BRDA:8,0,0,1
BRDA:8,0,1,4
BRDA:15,1,0,3
BRDA:15,1,1,1
BRDA:17,2,0,2
BRDA:17,2,1,1
BRDA:19,3,0,1
BRDA:19,3,1,1
BRF:8
BRH:8
end_of_record
TN:
SF:app/api/recopa/save-result/route.ts
FN:6,POST
FNF:1
FNH:1
FNDA:7,POST
DA:7,7
DA:8,7
DA:10,7
DA:11,7
DA:12,7
DA:14,7
DA:15,1
DA:18,6
DA:19,1
DA:20,0
DA:24,6
DA:25,6
DA:26,6
DA:27,6
DA:28,5
DA:31,5
DA:35,5
DA:36,1
DA:39,4
DA:40,4
DA:42,4
DA:43,2
DA:45,2
DA:46,1
DA:48,1
DA:51,3
DA:62,3
DA:67,3
DA:69,3
LF:29
LH:28
BRDA:8,0,0,0
BRDA:8,0,1,7
BRDA:14,1,0,1
BRDA:14,1,1,6
BRDA:14,2,0,7
BRDA:14,2,1,6
BRDA:18,3,0,1
BRDA:18,3,1,5
BRDA:18,4,0,6
BRDA:18,4,1,1
BRDA:18,4,2,1
BRDA:19,5,0,0
BRDA:19,5,1,1
BRDA:19,6,0,1
BRDA:19,6,1,1
BRDA:25,7,0,6
BRDA:25,7,1,0
BRDA:27,8,0,1
BRDA:27,8,1,5
BRDA:35,9,0,1
BRDA:35,9,1,4
BRDA:42,10,0,2
BRDA:42,10,1,2
BRDA:43,11,0,1
BRDA:43,11,1,1
BRDA:45,12,0,1
BRDA:45,12,1,1
BRDA:45,13,0,2
BRDA:45,13,1,1
BRDA:45,13,2,1
BRDA:55,14,0,1
BRDA:55,14,1,2
BRDA:56,15,0,1
BRDA:56,15,1,2
BRDA:56,16,0,1
BRDA:56,16,1,0
BRDA:57,17,0,1
BRDA:57,17,1,2
BRDA:57,18,0,1
BRDA:57,18,1,0
BRF:40
BRH:35
end_of_record
TN:
SF:app/api/tournaments/route.ts
FN:6,GET
FN:16,POST
FN:37,(anonymous_2)
FNF:3
FNH:3
FNDA:2,GET
FNDA:5,POST
FNDA:3,(anonymous_2)
DA:7,2
DA:8,2
DA:12,2
DA:17,5
DA:18,5
DA:20,4
DA:21,4
DA:22,4
DA:24,4
DA:25,1
DA:28,3
DA:29,0
DA:32,3
DA:33,3
DA:34,1
DA:37,3
DA:38,1
DA:41,1
DA:45,1
DA:47,1
DA:48,2
DA:51,1
LF:22
LH:21
BRDA:18,0,0,1
BRDA:18,0,1,4
BRDA:24,1,0,1
BRDA:24,1,1,3
BRDA:24,2,0,4
BRDA:24,2,1,3
BRDA:24,2,2,3
BRDA:24,2,3,3
BRDA:28,3,0,0
BRDA:28,3,1,3
BRDA:28,4,0,3
BRDA:28,4,1,3
BRDA:33,5,0,1
BRDA:33,5,1,2
BRDA:33,6,0,3
BRDA:33,6,1,3
BRDA:33,6,2,2
BRDA:37,7,0,1
BRDA:37,7,1,1
BRDA:37,8,0,2
BRDA:37,8,1,2
BRDA:37,9,0,3
BRDA:37,9,1,3
BRF:23
BRH:22
end_of_record
TN:
SF:app/api/tournaments/[id]/route.ts
FN:8,GET
FN:39,(anonymous_1)
FN:40,(anonymous_2)
FN:42,(anonymous_3)
FN:42,(anonymous_4)
FN:54,PATCH
FNF:6
FNH:4
FNDA:2,GET
FNDA:0,(anonymous_1)
FNDA:2,(anonymous_2)
FNDA:2,(anonymous_3)
FNDA:0,(anonymous_4)
FNDA:6,PATCH
DA:9,2
DA:10,2
DA:12,2
DA:18,2
DA:19,1
DA:22,1
DA:23,1
DA:24,1
DA:25,1
DA:26,1
DA:39,1
DA:40,2
DA:41,1
DA:42,2
DA:44,1
DA:45,2
DA:55,6
DA:56,6
DA:58,5
DA:59,5
DA:60,5
DA:62,5
DA:63,2
DA:64,2
DA:65,1
DA:67,1
DA:71,1
DA:74,3
DA:75,1
DA:76,1
DA:77,0
DA:79,1
DA:83,1
DA:86,2
DA:87,1
DA:88,1
DA:89,0
DA:91,1
DA:95,1
DA:98,1
LF:40
LH:38
BRDA:18,0,0,1
BRDA:18,0,1,1
BRDA:25,1,0,1
BRDA:25,1,1,0
BRDA:33,2,0,1
BRDA:33,2,1,1
BRDA:34,3,0,1
BRDA:34,3,1,1
BRDA:35,4,0,1
BRDA:35,4,1,1
BRDA:36,5,0,1
BRDA:36,5,1,1
BRDA:44,6,0,0
BRDA:44,6,1,1
BRDA:56,7,0,1
BRDA:56,7,1,5
BRDA:62,8,0,2
BRDA:62,8,1,3
BRDA:64,9,0,1
BRDA:64,9,1,1
BRDA:64,10,0,2
BRDA:64,10,1,1
BRDA:69,11,0,1
BRDA:69,11,1,0
BRDA:69,12,0,2
BRDA:69,12,1,0
BRDA:74,13,0,1
BRDA:74,13,1,2
BRDA:76,14,0,0
BRDA:76,14,1,1
BRDA:76,15,0,1
BRDA:76,15,1,1
BRDA:76,15,2,1
BRDA:86,16,0,1
BRDA:86,16,1,1
BRDA:88,17,0,0
BRDA:88,17,1,1
BRF:37
BRH:31
end_of_record
TN:
SF:app/api/tournaments/active/route.ts
FN:4,GET
FN:42,(anonymous_1)
FN:43,(anonymous_2)
FN:44,(anonymous_3)
FN:44,(anonymous_4)
FNF:5
FNH:4
FNDA:3,GET
FNDA:0,(anonymous_1)
FNDA:3,(anonymous_2)
FNDA:3,(anonymous_3)
FNDA:1,(anonymous_4)
DA:5,3
DA:7,3
DA:11,3
DA:12,2
DA:15,3
DA:16,1
DA:19,2
DA:24,2
DA:29,2
DA:30,2
DA:31,2
DA:32,2
DA:33,2
DA:42,2
DA:43,3
DA:44,3
DA:47,2
DA:54,2
DA:55,2
DA:56,0
DA:57,0
DA:58,0
DA:59,0
DA:60,0
DA:61,0
DA:62,0
DA:63,0
DA:64,0
DA:65,0
DA:66,0
DA:67,0
DA:68,0
DA:71,2
LF:33
LH:20
BRDA:11,0,0,2
BRDA:11,0,1,1
BRDA:15,1,0,1
BRDA:15,1,1,2
BRDA:32,2,0,1
BRDA:32,2,1,1
BRDA:60,3,0,0
BRDA:60,3,1,0
BRDA:61,4,0,0
BRDA:61,4,1,0
BRDA:66,5,0,0
BRDA:66,5,1,0
BRDA:67,6,0,0
BRDA:67,6,1,0
BRF:14
BRH:6
end_of_record
TN:
SF:app/api/tournaments/latest/route.ts
FN:4,GET
FN:38,(anonymous_1)
FN:39,(anonymous_2)
FN:40,(anonymous_3)
FN:40,(anonymous_4)
FNF:5
FNH:4
FNDA:2,GET
FNDA:0,(anonymous_1)
FNDA:2,(anonymous_2)
FNDA:2,(anonymous_3)
FNDA:1,(anonymous_4)
DA:5,2
DA:7,2
DA:11,2
DA:12,1
DA:15,1
DA:20,1
DA:25,1
DA:26,1
DA:27,1
DA:28,1
DA:29,1
DA:38,1
DA:39,2
DA:40,2
DA:42,1
LF:15
LH:15
BRDA:11,0,0,1
BRDA:11,0,1,1
BRDA:28,1,0,1
BRDA:28,1,1,0
BRF:4
BRH:3
end_of_record
TN:
SF:app/components/Fixture.tsx
FN:14,Fixture
FN:23,(anonymous_1)
FN:24,(anonymous_2)
FN:31,(anonymous_3)
FNF:4
FNH:4
FNDA:8,Fixture
FNDA:14,(anonymous_1)
FNDA:21,(anonymous_2)
FNDA:1,(anonymous_3)
DA:1,1
DA:15,8
DA:17,8
DA:24,21
DA:25,14
DA:26,14
DA:27,14
DA:31,1
LF:8
LH:8
BRDA:28,0,0,7
BRDA:28,0,1,7
BRDA:31,1,0,0
BRDA:31,1,1,1
BRDA:35,2,0,0
BRDA:35,2,1,14
BRDA:37,3,0,7
BRDA:37,3,1,7
BRDA:39,4,0,14
BRDA:39,4,1,7
BRF:10
BRH:8
end_of_record
TN:
SF:app/components/MatchDay.tsx
FN:6,calcOdds
FN:7,score
FN:14,(anonymous_2)
FN:14,(anonymous_3)
FN:20,(anonymous_4)
FN:21,(anonymous_5)
FN:22,(anonymous_6)
FN:50,MatchDay
FN:53,(anonymous_8)
FN:59,(anonymous_9)
FN:60,(anonymous_10)
FN:75,MatchCard
FN:80,(anonymous_12)
FN:85,(anonymous_13)
FN:110,(anonymous_14)
FN:132,(anonymous_15)
FN:140,(anonymous_16)
FN:166,(anonymous_17)
FNF:18
FNH:7
FNDA:7,calcOdds
FNDA:14,score
FNDA:28,(anonymous_2)
FNDA:42,(anonymous_3)
FNDA:0,(anonymous_4)
FNDA:0,(anonymous_5)
FNDA:0,(anonymous_6)
FNDA:7,MatchDay
FNDA:13,(anonymous_8)
FNDA:0,(anonymous_9)
FNDA:0,(anonymous_10)
FNDA:13,MatchCard
FNDA:0,(anonymous_12)
FNDA:0,(anonymous_13)
FNDA:0,(anonymous_14)
FNDA:0,(anonymous_15)
FNDA:0,(anonymous_16)
FNDA:0,(anonymous_17)
DA:1,1
DA:8,14
DA:9,14
DA:10,14
DA:11,0
DA:13,14
DA:14,28
DA:15,42
DA:16,14
DA:17,14
DA:19,14
DA:20,0
DA:21,0
DA:22,0
DA:23,0
DA:25,14
DA:27,7
DA:28,7
DA:29,7
DA:30,7
DA:31,7
DA:32,7
DA:33,7
DA:34,7
DA:51,7
DA:54,13
DA:59,0
DA:60,0
DA:76,13
DA:77,13
DA:78,13
DA:80,13
DA:81,0
DA:82,0
DA:85,13
DA:86,0
DA:87,0
DA:88,0
DA:89,0
DA:92,13
DA:93,6
DA:94,6
DA:95,6
DA:96,6
DA:110,0
DA:117,7
DA:119,13
DA:132,0
DA:140,0
DA:166,0
LF:50
LH:33
BRDA:6,0,0,7
BRDA:10,1,0,0
BRDA:10,1,1,14
BRDA:10,2,0,14
BRDA:10,2,1,0
BRDA:15,3,0,28
BRDA:15,3,1,14
BRDA:16,4,0,0
BRDA:16,4,1,14
BRDA:17,5,0,0
BRDA:17,5,1,14
BRDA:19,6,0,0
BRDA:19,6,1,14
BRDA:20,7,0,0
BRDA:20,7,1,0
BRDA:20,8,0,0
BRDA:20,8,1,0
BRDA:20,9,0,0
BRDA:20,9,1,0
BRDA:20,10,0,0
BRDA:20,10,1,0
BRDA:20,11,0,0
BRDA:20,11,1,0
BRDA:20,12,0,0
BRDA:20,12,1,0
BRDA:21,13,0,0
BRDA:21,13,1,0
BRDA:21,14,0,0
BRDA:21,14,1,0
BRDA:21,15,0,0
BRDA:21,15,1,0
BRDA:21,16,0,0
BRDA:21,16,1,0
BRDA:21,17,0,0
BRDA:21,17,1,0
BRDA:21,18,0,0
BRDA:21,18,1,0
BRDA:22,19,0,0
BRDA:22,19,1,0
BRDA:22,20,0,0
BRDA:22,20,1,0
BRDA:50,21,0,7
BRDA:75,22,0,13
BRDA:77,23,0,13
BRDA:77,23,1,7
BRDA:78,24,0,13
BRDA:78,24,1,7
BRDA:92,25,0,6
BRDA:92,25,1,7
BRDA:92,26,0,13
BRDA:92,26,1,6
BRDA:97,27,0,0
BRDA:97,27,1,6
BRDA:99,28,0,6
BRDA:99,28,1,0
BRDA:104,29,0,0
BRDA:104,29,1,6
BRDA:117,30,0,7
BRDA:117,30,1,0
BRDA:148,31,0,13
BRDA:148,31,1,7
BRDA:166,32,0,13
BRDA:166,32,1,0
BRF:63
BRH:25
end_of_record
TN:
SF:app/components/Skeleton.tsx
FN:14,Sk
FN:20,SkPlayerRow
FN:32,SkTableRow
FN:42,(anonymous_3)
FN:49,SkChart
FN:53,(anonymous_5)
FN:61,SkKpiCard
FN:72,SkSectionTitle
FN:76,SkMatchCard
FNF:9
FNH:1
FNDA:27,Sk
FNDA:0,SkPlayerRow
FNDA:0,SkTableRow
FNDA:0,(anonymous_3)
FNDA:0,SkChart
FNDA:0,(anonymous_5)
FNDA:0,SkKpiCard
FNDA:0,SkSectionTitle
FNDA:0,SkMatchCard
DA:15,27
DA:17,27
DA:21,0
DA:33,0
DA:43,0
DA:50,0
DA:54,0
DA:62,0
DA:73,0
DA:77,0
LF:10
LH:2
BRDA:14,0,0,27
BRDA:14,1,0,27
BRDA:14,2,0,27
BRDA:14,3,0,27
BRDA:15,4,0,22
BRDA:15,4,1,5
BRDA:15,5,0,1
BRDA:15,5,1,26
BRDA:32,6,0,0
BRDA:49,7,0,0
BRF:10
BRH:8
end_of_record
TN:
SF:app/components/Standings.tsx
FN:7,fetchMotivationalQuote
FN:18,Standings
FN:22,(anonymous_2)
FN:25,(anonymous_3)
FN:26,(anonymous_4)
FN:29,(anonymous_5)
FN:51,(anonymous_6)
FNF:7
FNH:6
FNDA:7,fetchMotivationalQuote
FNDA:7,Standings
FNDA:7,(anonymous_2)
FNDA:0,(anonymous_3)
FNDA:7,(anonymous_4)
FNDA:241,(anonymous_5)
FNDA:36,(anonymous_6)
DA:1,1
DA:8,7
DA:9,7
DA:10,7
DA:19,7
DA:20,7
DA:22,7
DA:23,7
DA:25,0
DA:26,7
DA:29,241
DA:31,7
DA:52,36
LF:13
LH:12
BRDA:9,0,0,0
BRDA:9,0,1,7
BRDA:18,1,0,7
BRDA:52,2,0,6
BRDA:52,2,1,30
BRDA:52,3,0,36
BRDA:52,3,1,6
BRDA:52,4,0,2
BRDA:52,4,1,34
BRDA:54,5,0,2
BRDA:54,5,1,34
BRDA:54,6,0,5
BRDA:54,6,1,29
BRDA:54,7,0,34
BRDA:54,7,1,5
BRDA:54,8,0,6
BRDA:54,8,1,23
BRDA:54,9,0,29
BRDA:54,9,1,6
BRDA:54,10,0,6
BRDA:54,10,1,17
BRDA:54,11,0,23
BRDA:54,11,1,6
BRDA:57,12,0,2
BRDA:57,12,1,34
BRDA:58,13,0,2
BRDA:58,13,1,34
BRDA:59,14,0,36
BRDA:59,14,1,2
BRDA:67,15,0,11
BRDA:67,15,1,25
BRDA:67,16,0,36
BRDA:67,16,1,34
BRDA:67,17,0,17
BRDA:67,17,1,8
BRDA:67,18,0,25
BRDA:67,18,1,23
BRDA:68,19,0,12
BRDA:68,19,1,24
BRDA:78,20,0,7
BRDA:78,20,1,0
BRF:41
BRH:39
end_of_record
TN:
SF:app/components/ThemeToggle.tsx
FN:5,ThemeToggle
FN:8,(anonymous_1)
FN:21,(anonymous_2)
FNF:3
FNH:3
FNDA:6,ThemeToggle
FNDA:3,(anonymous_1)
FNDA:3,(anonymous_2)
DA:1,1
DA:6,6
DA:8,6
DA:9,3
DA:10,3
DA:11,0
DA:12,0
DA:13,3
DA:14,0
DA:15,0
DA:17,3
DA:21,6
DA:22,3
DA:23,3
DA:24,3
DA:25,3
DA:28,6
LF:17
LH:13
BRDA:10,0,0,0
BRDA:10,0,1,3
BRDA:13,1,0,0
BRDA:13,1,1,3
BRDA:22,2,0,2
BRDA:22,2,1,1
BRDA:32,3,0,4
BRDA:32,3,1,2
BRDA:33,4,0,4
BRDA:33,4,1,2
BRDA:35,5,0,4
BRDA:35,5,1,2
BRF:12
BRH:10
end_of_record
TN:
SF:app/lib/auth.ts
FN:15,generateToken
FN:30,verifyToken
FN:64,isAuthed
FN:73,requireAuth
FN:83,isRateLimited
FN:101,recordFailedAttempt
FN:116,clearAttempts
FN:123,isValidGoals
FNF:8
FNH:6
FNDA:13,generateToken
FNDA:10,verifyToken
FNDA:0,isAuthed
FNDA:0,requireAuth
FNDA:10,isRateLimited
FNDA:20,recordFailedAttempt
FNDA:3,clearAttempts
FNDA:16,isValidGoals
DA:4,28
DA:5,28
DA:8,28
DA:9,28
DA:10,28
DA:16,13
DA:17,0
DA:19,13
DA:20,13
DA:24,13
DA:31,10
DA:33,6
DA:34,6
DA:36,5
DA:39,5
DA:44,5
DA:45,2
DA:49,3
DA:50,3
DA:51,3
DA:52,3
DA:53,3
DA:55,0
DA:58,2
DA:65,0
DA:66,0
DA:67,0
DA:74,0
DA:75,0
DA:77,0
DA:84,10
DA:85,10
DA:87,10
DA:90,4
DA:91,0
DA:92,0
DA:95,4
DA:102,20
DA:103,20
DA:105,20
DA:106,5
DA:108,15
DA:109,15
DA:117,3
DA:124,16
DA:125,14
DA:126,14
LF:47
LH:37
BRDA:5,0,0,28
BRDA:5,0,1,1
BRDA:16,1,0,0
BRDA:16,1,1,13
BRDA:31,2,0,4
BRDA:31,2,1,6
BRDA:31,3,0,10
BRDA:31,3,1,6
BRDA:34,4,0,1
BRDA:34,4,1,5
BRDA:44,5,0,2
BRDA:44,5,1,3
BRDA:53,6,0,1
BRDA:53,6,1,2
BRDA:74,7,0,0
BRDA:74,7,1,0
BRDA:87,8,0,6
BRDA:87,8,1,4
BRDA:90,9,0,0
BRDA:90,9,1,4
BRDA:105,10,0,5
BRDA:105,10,1,15
BRDA:105,11,0,20
BRDA:105,11,1,15
BRDA:124,12,0,2
BRDA:124,12,1,14
BRDA:126,13,0,14
BRDA:126,13,1,11
BRDA:126,13,2,9
BRF:29
BRH:25
end_of_record
TN:
SF:app/lib/db.ts
FN:5,getDb
FN:16,dbAll
FN:23,dbGet
FN:30,dbRun
FN:37,initSchema
FNF:5
FNH:5
FNDA:10,getDb
FNDA:2,dbAll
FNDA:2,dbGet
FNDA:1,dbRun
FNDA:2,initSchema
DA:3,9
DA:6,10
DA:8,9
DA:9,10
DA:11,10
DA:12,10
DA:17,2
DA:18,2
DA:19,2
DA:24,2
DA:25,2
DA:26,2
DA:31,1
DA:32,1
DA:33,1
DA:38,2
DA:39,2
DA:79,2
DA:80,2
DA:81,2
DA:82,2
DA:83,2
DA:84,2
LF:23
LH:23
BRDA:6,0,0,1
BRDA:6,0,1,9
BRDA:8,1,0,9
BRDA:8,1,1,9
BRDA:9,2,0,10
BRDA:9,2,1,9
BRDA:16,3,0,2
BRDA:23,4,0,2
BRDA:26,5,0,2
BRDA:26,5,1,1
BRDA:30,6,0,1
BRF:11
BRH:11
end_of_record
TN:
SF:app/lib/disabled-players.ts
FNF:0
FNH:0
DA:5,1
LF:1
LH:1
BRF:0
BRH:0
end_of_record
TN:
SF:app/lib/fixture.ts
FN:6,generateCopaBracket
FN:7,(anonymous_1)
FN:86,resolveCopaBracket
FN:92,getWinner
FN:121,getCopaChampion
FN:122,(anonymous_5)
FN:130,generateFixture
FN:135,(anonymous_7)
FN:158,(anonymous_8)
FN:172,calcStandings
FN:174,(anonymous_10)
FN:177,(anonymous_11)
FN:178,(anonymous_12)
FN:195,(anonymous_13)
FNF:14
FNH:14
FNDA:9,generateCopaBracket
FNDA:54,(anonymous_1)
FNDA:8,resolveCopaBracket
FNDA:9,getWinner
FNDA:7,getCopaChampion
FNDA:7,(anonymous_5)
FNDA:9,generateFixture
FNDA:80,(anonymous_7)
FNDA:126,(anonymous_8)
FNDA:8,calcStandings
FNDA:22,(anonymous_10)
FNDA:8,(anonymous_11)
FNDA:10,(anonymous_12)
FNDA:20,(anonymous_13)
DA:7,54
DA:9,9
DA:12,9
DA:24,9
DA:38,9
DA:51,9
DA:66,9
DA:80,9
DA:87,8
DA:88,8
DA:89,36
DA:93,9
DA:94,9
DA:95,5
DA:97,2
DA:98,1
DA:99,1
DA:100,1
DA:103,1
DA:104,0
DA:107,8
DA:108,8
DA:109,8
DA:110,8
DA:111,8
DA:113,8
DA:114,8
DA:115,8
DA:116,8
DA:118,8
DA:122,7
DA:123,7
DA:124,4
DA:125,3
DA:126,2
DA:127,1
DA:131,9
DA:132,9
DA:135,80
DA:138,9
DA:139,43
DA:140,43
DA:141,126
DA:150,43
DA:151,43
DA:155,9
DA:156,9
DA:157,43
DA:158,126
DA:166,43
DA:169,43
DA:173,8
DA:174,8
DA:175,22
DA:177,8
DA:178,8
DA:179,10
DA:180,8
DA:181,8
DA:182,8
DA:183,8
DA:184,8
DA:185,8
DA:186,8
DA:187,5
DA:188,3
DA:189,1
DA:191,2
DA:195,8
DA:196,20
LF:70
LH:69
BRDA:7,0,0,48
BRDA:7,0,1,6
BRDA:86,1,0,8
BRDA:92,2,0,9
BRDA:93,3,0,0
BRDA:93,3,1,9
BRDA:93,4,0,9
BRDA:93,4,1,9
BRDA:94,5,0,4
BRDA:94,5,1,5
BRDA:95,6,0,3
BRDA:95,6,1,2
BRDA:97,7,0,1
BRDA:97,7,1,1
BRDA:98,8,0,1
BRDA:98,8,1,0
BRDA:99,9,0,1
BRDA:99,9,1,0
BRDA:100,10,0,1
BRDA:100,10,1,0
BRDA:103,11,0,1
BRDA:103,11,1,0
BRDA:113,12,0,4
BRDA:113,12,1,4
BRDA:113,13,0,8
BRDA:113,13,1,4
BRDA:113,14,0,4
BRDA:113,14,1,0
BRDA:114,15,0,2
BRDA:114,15,1,6
BRDA:114,16,0,8
BRDA:114,16,1,2
BRDA:114,17,0,2
BRDA:114,17,1,0
BRDA:115,18,0,2
BRDA:115,18,1,6
BRDA:115,19,0,8
BRDA:115,19,1,2
BRDA:115,20,0,2
BRDA:115,20,1,0
BRDA:116,21,0,1
BRDA:116,21,1,7
BRDA:116,22,0,8
BRDA:116,22,1,1
BRDA:116,23,0,1
BRDA:116,23,1,0
BRDA:122,24,0,7
BRDA:122,24,1,2
BRDA:123,25,0,3
BRDA:123,25,1,4
BRDA:123,26,0,7
BRDA:123,26,1,5
BRDA:124,27,0,1
BRDA:124,27,1,3
BRDA:125,28,0,1
BRDA:125,28,1,2
BRDA:126,29,0,1
BRDA:126,29,1,1
BRDA:179,30,0,2
BRDA:179,30,1,8
BRDA:182,31,0,0
BRDA:182,31,1,8
BRDA:182,32,0,8
BRDA:182,32,1,8
BRDA:186,33,0,5
BRDA:186,33,1,3
BRDA:188,34,0,1
BRDA:188,34,1,2
BRDA:196,35,0,20
BRDA:196,35,1,10
BRDA:196,35,2,6
BRF:71
BRH:61
end_of_record
TN:
SF:app/types/index.ts
FNF:0
FNH:0
LF:0
LH:0
BRF:0
BRH:0
end_of_record
